#
# There is insufficient memory for the Java Runtime Environment to continue.
# Native memory allocation (malloc) failed to allocate 32744 bytes for ChunkPool::allocate
# Possible reasons:
#   The system is out of physical RAM or swap space
#   In 32 bit mode, the process size limit was hit
# Possible solutions:
#   Reduce memory load on the system
#   Increase physical memory or swap space
#   Check if swap backing store is full
#   Use 64 bit Java on a 64 bit OS
#   Decrease Java heap size (-Xmx/-Xms)
#   Decrease number of Java threads
#   Decrease Java thread stack sizes (-Xss)
#   Set larger code cache with -XX:ReservedCodeCacheSize=
# This output file may be truncated or incomplete.
#
#  Out of Memory Error (allocation.cpp:273), pid=13248, tid=0x0000000000003a48
#
# JRE version: Java(TM) SE Runtime Environment (8.0_181-b13) (build 1.8.0_181-b13)
# Java VM: Java HotSpot(TM) 64-Bit Server VM (25.181-b13 mixed mode windows-amd64 compressed oops)
# Failed to write core dump. Minidumps are not enabled by default on client versions of Windows
#

---------------  T H R E A D  ---------------

Current thread (0x000000001b3ff800):  JavaThread "C1 CompilerThread3" daemon [_thread_in_native, id=14920, stack(0x000000001bb60000,0x000000001bc60000)]

Stack: [0x000000001bb60000,0x000000001bc60000]
[error occurred during error reporting (printing stack bounds), id 0xc0000005]

Native frames: (J=compiled Java code, j=interpreted, Vv=VM code, C=native code)


Current CompileTask:
C1:  10290 4499   !   1       org.springframework.beans.factory.support.ConstructorResolver::instantiateUsingFactoryMethod (1432 bytes)


---------------  P R O C E S S  ---------------

Java Threads: ( => current thread )
  0x000000001cbad000 JavaThread "SimplePauseDetectorThread_0" daemon [_thread_blocked, id=13756, stack(0x00000000221c0000,0x00000000222c0000)]
  0x000000001cbb0800 JavaThread "Thread-22" daemon [_thread_blocked, id=7976, stack(0x00000000220c0000,0x00000000221c0000)]
  0x000000001cbb1000 JavaThread "spring.cloud.inetutils" daemon [_thread_blocked, id=14564, stack(0x0000000021cc0000,0x0000000021dc0000)]
  0x000000001cbae800 JavaThread "Abandoned connection cleanup thread" daemon [_thread_blocked, id=15904, stack(0x00000000218c0000,0x00000000219c0000)]
  0x0000000020233000 JavaThread "localhost-startStop-1" daemon [_thread_in_native, id=5980, stack(0x00000000212c0000,0x00000000213c0000)]
  0x0000000020232800 JavaThread "Tomcat-startStop-1" daemon [_thread_blocked, id=15428, stack(0x00000000211c0000,0x00000000212c0000)]
  0x000000001c8f5800 JavaThread "Keep-Alive-Timer" daemon [_thread_blocked, id=8200, stack(0x000000001e920000,0x000000001ea20000)]
  0x000000001a9a6000 JavaThread "RMI Scheduler(0)" daemon [_thread_blocked, id=8860, stack(0x000000001d920000,0x000000001da20000)]
  0x000000001c341800 JavaThread "RMI TCP Connection(1)-192.168.56.1" daemon [_thread_in_native, id=8752, stack(0x000000001d820000,0x000000001d920000)]
  0x000000001b6c2800 JavaThread "RMI TCP Accept-0" daemon [_thread_in_native, id=6592, stack(0x000000001bda0000,0x000000001bea0000)]
  0x000000001b4a4000 JavaThread "Service Thread" daemon [_thread_blocked, id=15552, stack(0x000000001bc60000,0x000000001bd60000)]
=>0x000000001b3ff800 JavaThread "C1 CompilerThread3" daemon [_thread_in_native, id=14920, stack(0x000000001bb60000,0x000000001bc60000)]
  0x000000001b3fb800 JavaThread "C2 CompilerThread2" daemon [_thread_blocked, id=12312, stack(0x000000001ba60000,0x000000001bb60000)]
  0x000000001b3f9000 JavaThread "C2 CompilerThread1" daemon [_thread_blocked, id=12264, stack(0x000000001b960000,0x000000001ba60000)]
  0x000000001b3f8000 JavaThread "C2 CompilerThread0" daemon [_thread_blocked, id=12964, stack(0x000000001b860000,0x000000001b960000)]
  0x000000001b3f6800 JavaThread "Monitor Ctrl-Break" daemon [_thread_in_native, id=12940, stack(0x000000001b760000,0x000000001b860000)]
  0x000000001a88c800 JavaThread "Attach Listener" daemon [_thread_blocked, id=900, stack(0x000000001ae50000,0x000000001af50000)]
  0x000000001a832800 JavaThread "Signal Dispatcher" daemon [_thread_blocked, id=5568, stack(0x000000001ad50000,0x000000001ae50000)]
  0x0000000018928800 JavaThread "Finalizer" daemon [_thread_blocked, id=6696, stack(0x000000001abf0000,0x000000001acf0000)]
  0x0000000018921000 JavaThread "Reference Handler" daemon [_thread_blocked, id=6888, stack(0x000000001a6f0000,0x000000001a7f0000)]
  0x0000000003793800 JavaThread "main" [_thread_blocked, id=10764, stack(0x0000000003690000,0x0000000003790000)]

Other Threads:
  0x0000000018917800 VMThread [stack: 0x000000001a5f0000,0x000000001a6f0000] [id=140]
  0x000000001b6d7000 WatcherThread [stack: 0x000000001bea0000,0x000000001bfa0000] [id=360]

VM state:not at safepoint (normal execution)

VM Mutex/Monitor currently owned by a thread: None

Heap:
 PSYoungGen      total 275456K, used 51169K [0x00000000d5e00000, 0x00000000e7980000, 0x0000000100000000)
  eden space 261632K, 16% used [0x00000000d5e00000,0x00000000d88f3918,0x00000000e5d80000)
  from space 13824K, 51% used [0x00000000e5e80000,0x00000000e6584c70,0x00000000e6c00000)
  to   space 7168K, 0% used [0x00000000e7280000,0x00000000e7280000,0x00000000e7980000)
 ParOldGen       total 58368K, used 26170K [0x0000000081a00000, 0x0000000085300000, 0x00000000d5e00000)
  object space 58368K, 44% used [0x0000000081a00000,0x000000008338eba8,0x0000000085300000)
 Metaspace       used 40470K, capacity 42690K, committed 42880K, reserved 1093632K
  class space    used 5589K, capacity 6003K, committed 6016K, reserved 1048576K

Card table byte_map: [0x0000000012d50000,0x0000000013150000] byte_map_base: 0x0000000012943000

Marking Bits: (ParMarkBitMap*) 0x0000000071372d00
 Begin Bits: [0x0000000013c00000, 0x0000000015b98000)
 End Bits:   [0x0000000015b98000, 0x0000000017b30000)

Polling page: 0x0000000000ff0000

CodeCache: size=245760Kb used=9119Kb max_used=9119Kb free=236640Kb
 bounds [0x0000000003990000, 0x0000000004280000, 0x0000000012990000]
 total_blobs=4902 nmethods=4441 adapters=371
 compilation: enabled

Compilation events (10 events):
Event: 10.217 Thread 0x000000001b3ff800 nmethod 4494 0x0000000004276c50 code [0x0000000004276de0, 0x0000000004277048]
Event: 10.218 Thread 0x000000001b3ff800 4495       1       sun.reflect.generics.tree.TypeVariableSignature::accept (8 bytes)
Event: 10.219 Thread 0x000000001b3ff800 nmethod 4495 0x0000000004277250 code [0x00000000042773c0, 0x00000000042775c8]
Event: 10.219 Thread 0x000000001b3ff800 4496       1       sun.reflect.generics.visitor.Reifier::visitTypeVariableSignature (18 bytes)
Event: 10.219 Thread 0x000000001b3ff800 nmethod 4496 0x0000000004277790 code [0x0000000004277900, 0x0000000004277ac8]
Event: 10.219 Thread 0x000000001b3ff800 4497       1       org.springframework.beans.factory.support.AbstractAutowireCapableBeanFactory$$Lambda$188/1499840045::get$Lambda (9 bytes)
Event: 10.219 Thread 0x000000001b3ff800 nmethod 4497 0x0000000004277c50 code [0x0000000004277da0, 0x0000000004277ef0]
Event: 10.230 Thread 0x000000001b3ff800 4498       1       org.springframework.beans.factory.annotation.AutowiredAnnotationBeanPostProcessor::access$100 (5 bytes)
Event: 10.230 Thread 0x000000001b3ff800 nmethod 4498 0x0000000004277f90 code [0x00000000042780e0, 0x00000000042781d0]
Event: 10.233 Thread 0x000000001b3ff800 4499   !   1       org.springframework.beans.factory.support.ConstructorResolver::instantiateUsingFactoryMethod (1432 bytes)

GC Heap History (10 events):
Event: 6.122 GC heap before
{Heap before GC invocations=9 (full 1):
 PSYoungGen      total 138240K, used 135723K [0x00000000d5e00000, 0x00000000e3080000, 0x0000000100000000)
  eden space 127488K, 100% used [0x00000000d5e00000,0x00000000dda80000,0x00000000dda80000)
  from space 10752K, 76% used [0x00000000dda80000,0x00000000de28ade8,0x00000000de500000)
  to   space 11264K, 0% used [0x00000000e2580000,0x00000000e2580000,0x00000000e3080000)
 ParOldGen       total 58368K, used 11293K [0x0000000081a00000, 0x0000000085300000, 0x00000000d5e00000)
  object space 58368K, 19% used [0x0000000081a00000,0x0000000082507548,0x0000000085300000)
 Metaspace       used 30096K, capacity 31206K, committed 31488K, reserved 1077248K
  class space    used 4088K, capacity 4347K, committed 4352K, reserved 1048576K
Event: 6.130 GC heap after
Heap after GC invocations=9 (full 1):
 PSYoungGen      total 203264K, used 10584K [0x00000000d5e00000, 0x00000000e4680000, 0x0000000100000000)
  eden space 192000K, 0% used [0x00000000d5e00000,0x00000000d5e00000,0x00000000e1980000)
  from space 11264K, 93% used [0x00000000e2580000,0x00000000e2fd6270,0x00000000e3080000)
  to   space 12288K, 0% used [0x00000000e1980000,0x00000000e1980000,0x00000000e2580000)
 ParOldGen       total 58368K, used 11301K [0x0000000081a00000, 0x0000000085300000, 0x00000000d5e00000)
  object space 58368K, 19% used [0x0000000081a00000,0x0000000082509548,0x0000000085300000)
 Metaspace       used 30096K, capacity 31206K, committed 31488K, reserved 1077248K
  class space    used 4088K, capacity 4347K, committed 4352K, reserved 1048576K
}
Event: 6.724 GC heap before
{Heap before GC invocations=10 (full 1):
 PSYoungGen      total 203264K, used 163469K [0x00000000d5e00000, 0x00000000e4680000, 0x0000000100000000)
  eden space 192000K, 79% used [0x00000000d5e00000,0x00000000df34d438,0x00000000e1980000)
  from space 11264K, 93% used [0x00000000e2580000,0x00000000e2fd6270,0x00000000e3080000)
  to   space 12288K, 0% used [0x00000000e1980000,0x00000000e1980000,0x00000000e2580000)
 ParOldGen       total 58368K, used 11301K [0x0000000081a00000, 0x0000000085300000, 0x00000000d5e00000)
  object space 58368K, 19% used [0x0000000081a00000,0x0000000082509548,0x0000000085300000)
 Metaspace       used 34089K, capacity 35410K, committed 35456K, reserved 1079296K
  class space    used 4673K, capacity 4967K, committed 4992K, reserved 1048576K
Event: 6.735 GC heap after
Heap after GC invocations=10 (full 1):
 PSYoungGen      total 204288K, used 12261K [0x00000000d5e00000, 0x00000000e8080000, 0x0000000100000000)
  eden space 192000K, 0% used [0x00000000d5e00000,0x00000000d5e00000,0x00000000e1980000)
  from space 12288K, 99% used [0x00000000e1980000,0x00000000e2579410,0x00000000e2580000)
  to   space 14336K, 0% used [0x00000000e7280000,0x00000000e7280000,0x00000000e8080000)
 ParOldGen       total 58368K, used 12807K [0x0000000081a00000, 0x0000000085300000, 0x00000000d5e00000)
  object space 58368K, 21% used [0x0000000081a00000,0x0000000082681d90,0x0000000085300000)
 Metaspace       used 34089K, capacity 35410K, committed 35456K, reserved 1079296K
  class space    used 4673K, capacity 4967K, committed 4992K, reserved 1048576K
}
Event: 6.735 GC heap before
{Heap before GC invocations=11 (full 2):
 PSYoungGen      total 204288K, used 12261K [0x00000000d5e00000, 0x00000000e8080000, 0x0000000100000000)
  eden space 192000K, 0% used [0x00000000d5e00000,0x00000000d5e00000,0x00000000e1980000)
  from space 12288K, 99% used [0x00000000e1980000,0x00000000e2579410,0x00000000e2580000)
  to   space 14336K, 0% used [0x00000000e7280000,0x00000000e7280000,0x00000000e8080000)
 ParOldGen       total 58368K, used 12807K [0x0000000081a00000, 0x0000000085300000, 0x00000000d5e00000)
  object space 58368K, 21% used [0x0000000081a00000,0x0000000082681d90,0x0000000085300000)
 Metaspace       used 34089K, capacity 35410K, committed 35456K, reserved 1079296K
  class space    used 4673K, capacity 4967K, committed 4992K, reserved 1048576K
Event: 6.790 GC heap after
Heap after GC invocations=11 (full 2):
 PSYoungGen      total 204288K, used 0K [0x00000000d5e00000, 0x00000000e8080000, 0x0000000100000000)
  eden space 192000K, 0% used [0x00000000d5e00000,0x00000000d5e00000,0x00000000e1980000)
  from space 12288K, 0% used [0x00000000e1980000,0x00000000e1980000,0x00000000e2580000)
  to   space 14336K, 0% used [0x00000000e7280000,0x00000000e7280000,0x00000000e8080000)
 ParOldGen       total 58368K, used 22310K [0x0000000081a00000, 0x0000000085300000, 0x00000000d5e00000)
  object space 58368K, 38% used [0x0000000081a00000,0x0000000082fc99c8,0x0000000085300000)
 Metaspace       used 34089K, capacity 35410K, committed 35456K, reserved 1079296K
  class space    used 4673K, capacity 4967K, committed 4992K, reserved 1048576K
}
Event: 7.512 GC heap before
{Heap before GC invocations=12 (full 2):
 PSYoungGen      total 204288K, used 192000K [0x00000000d5e00000, 0x00000000e8080000, 0x0000000100000000)
  eden space 192000K, 100% used [0x00000000d5e00000,0x00000000e1980000,0x00000000e1980000)
  from space 12288K, 0% used [0x00000000e1980000,0x00000000e1980000,0x00000000e2580000)
  to   space 14336K, 0% used [0x00000000e7280000,0x00000000e7280000,0x00000000e8080000)
 ParOldGen       total 58368K, used 22310K [0x0000000081a00000, 0x0000000085300000, 0x00000000d5e00000)
  object space 58368K, 38% used [0x0000000081a00000,0x0000000082fc99c8,0x0000000085300000)
 Metaspace       used 37238K, capacity 38844K, committed 39040K, reserved 1085440K
  class space    used 5072K, capacity 5378K, committed 5504K, reserved 1048576K
Event: 7.518 GC heap after
Heap after GC invocations=12 (full 2):
 PSYoungGen      total 268800K, used 6734K [0x00000000d5e00000, 0x00000000e7980000, 0x0000000100000000)
  eden space 261632K, 0% used [0x00000000d5e00000,0x00000000d5e00000,0x00000000e5d80000)
  from space 7168K, 93% used [0x00000000e7280000,0x00000000e7913a38,0x00000000e7980000)
  to   space 13824K, 0% used [0x00000000e5e80000,0x00000000e5e80000,0x00000000e6c00000)
 ParOldGen       total 58368K, used 22318K [0x0000000081a00000, 0x0000000085300000, 0x00000000d5e00000)
  object space 58368K, 38% used [0x0000000081a00000,0x0000000082fcb9c8,0x0000000085300000)
 Metaspace       used 37238K, capacity 38844K, committed 39040K, reserved 1085440K
  class space    used 5072K, capacity 5378K, committed 5504K, reserved 1048576K
}
Event: 10.127 GC heap before
{Heap before GC invocations=13 (full 2):
 PSYoungGen      total 268800K, used 268366K [0x00000000d5e00000, 0x00000000e7980000, 0x0000000100000000)
  eden space 261632K, 100% used [0x00000000d5e00000,0x00000000e5d80000,0x00000000e5d80000)
  from space 7168K, 93% used [0x00000000e7280000,0x00000000e7913a38,0x00000000e7980000)
  to   space 13824K, 0% used [0x00000000e5e80000,0x00000000e5e80000,0x00000000e6c00000)
 ParOldGen       total 58368K, used 22318K [0x0000000081a00000, 0x0000000085300000, 0x00000000d5e00000)
  object space 58368K, 38% used [0x0000000081a00000,0x0000000082fcb9c8,0x0000000085300000)
 Metaspace       used 39792K, capacity 41956K, committed 42112K, reserved 1091584K
  class space    used 5492K, capacity 5916K, committed 6016K, reserved 1048576K
Event: 10.136 GC heap after
Heap after GC invocations=13 (full 2):
 PSYoungGen      total 275456K, used 7187K [0x00000000d5e00000, 0x00000000e7980000, 0x0000000100000000)
  eden space 261632K, 0% used [0x00000000d5e00000,0x00000000d5e00000,0x00000000e5d80000)
  from space 13824K, 51% used [0x00000000e5e80000,0x00000000e6584c70,0x00000000e6c00000)
  to   space 7168K, 0% used [0x00000000e7280000,0x00000000e7280000,0x00000000e7980000)
 ParOldGen       total 58368K, used 26170K [0x0000000081a00000, 0x0000000085300000, 0x00000000d5e00000)
  object space 58368K, 44% used [0x0000000081a00000,0x000000008338eba8,0x0000000085300000)
 Metaspace       used 39792K, capacity 41956K, committed 42112K, reserved 1091584K
  class space    used 5492K, capacity 5916K, committed 6016K, reserved 1048576K
}

Deoptimization events (0 events):
No events

Classes redefined (0 events):
No events

Internal exceptions (10 events):
Event: 10.228 Thread 0x0000000020233000 Exception <a 'java/lang/ClassNotFoundException': org/aopalliance/intercept/MethodInterceptorCustomizer> (0x00000000d7922688) thrown at [C:\re\workspace\8-2-build-windows-amd64-cygwin\jdk8u181\11358\hotspot\src\share\vm\classfile\systemDictionary.cpp, line
Event: 10.229 Thread 0x0000000020233000 Exception <a 'java/lang/ClassNotFoundException': org/springframework/beans/factory/FactoryBeanCustomizer> (0x00000000d7953148) thrown at [C:\re\workspace\8-2-build-windows-amd64-cygwin\jdk8u181\11358\hotspot\src\share\vm\classfile\systemDictionary.cpp, li
Event: 10.229 Thread 0x0000000020233000 Exception <a 'java/lang/ClassNotFoundException': org/springframework/cloud/stream/binding/BindableCustomizer> (0x00000000d79899c0) thrown at [C:\re\workspace\8-2-build-windows-amd64-cygwin\jdk8u181\11358\hotspot\src\share\vm\classfile\systemDictionary.cpp
Event: 10.230 Thread 0x0000000020233000 Exception <a 'java/lang/ClassNotFoundException': org/springframework/beans/factory/InitializingBeanCustomizer> (0x00000000d79c1bb0) thrown at [C:\re\workspace\8-2-build-windows-amd64-cygwin\jdk8u181\11358\hotspot\src\share\vm\classfile\systemDictionary.cp
Event: 10.230 Thread 0x0000000020233000 NullPointerException at vtable entry 0x0000000003a9306f
Event: 10.230 Thread 0x0000000020233000 Exception <a 'java/lang/NullPointerException'> (0x00000000d79c41b0) thrown at [C:\re\workspace\8-2-build-windows-amd64-cygwin\jdk8u181\11358\hotspot\src\share\vm\runtime\sharedRuntime.cpp, line 605]
Event: 10.230 Thread 0x0000000020233000 NullPointerException at vtable entry 0x0000000003a9306f
Event: 10.230 Thread 0x0000000020233000 Exception <a 'java/lang/NullPointerException'> (0x00000000d79c8520) thrown at [C:\re\workspace\8-2-build-windows-amd64-cygwin\jdk8u181\11358\hotspot\src\share\vm\runtime\sharedRuntime.cpp, line 605]
Event: 10.232 Thread 0x0000000020233000 NullPointerException at vtable entry 0x0000000003a9306f
Event: 10.232 Thread 0x0000000020233000 Exception <a 'java/lang/NullPointerException'> (0x00000000d79d8c98) thrown at [C:\re\workspace\8-2-build-windows-amd64-cygwin\jdk8u181\11358\hotspot\src\share\vm\runtime\sharedRuntime.cpp, line 605]

Events (10 events):
Event: 10.229 loading class org/springframework/cloud/stream/binding/BindableCustomizer
Event: 10.229 loading class org/springframework/cloud/stream/binding/BindableCustomizer done
Event: 10.229 loading class org/springframework/cloud/stream/binding/BindableCustomizer
Event: 10.229 loading class org/springframework/cloud/stream/binding/BindableCustomizer done
Event: 10.229 loading class org/springframework/beans/factory/InitializingBeanCustomizer
Event: 10.229 loading class org/springframework/beans/factory/InitializingBeanCustomizer done
Event: 10.229 loading class org/springframework/beans/factory/InitializingBeanCustomizer
Event: 10.229 loading class org/springframework/beans/factory/InitializingBeanCustomizer done
Event: 10.230 loading class org/springframework/beans/factory/InitializingBeanCustomizer
Event: 10.230 loading class org/springframework/beans/factory/InitializingBeanCustomizer done


Dynamic libraries:
0x00007ff676d10000 - 0x00007ff676d47000 	E:\Java\jdk1.8.0_181\bin\java.exe
0x00007ffb13580000 - 0x00007ffb13761000 	C:\WINDOWS\SYSTEM32\ntdll.dll
0x00007ffb10d40000 - 0x00007ffb10df1000 	C:\WINDOWS\System32\KERNEL32.DLL
0x00007ffb0fb20000 - 0x00007ffb0fd93000 	C:\WINDOWS\System32\KERNELBASE.dll
0x00007ffb110d0000 - 0x00007ffb11171000 	C:\WINDOWS\System32\ADVAPI32.dll
0x00007ffb109f0000 - 0x00007ffb10a8e000 	C:\WINDOWS\System32\msvcrt.dll
0x00007ffb10b90000 - 0x00007ffb10beb000 	C:\WINDOWS\System32\sechost.dll
0x00007ffb131a0000 - 0x00007ffb132c4000 	C:\WINDOWS\System32\RPCRT4.dll
0x00007ffb10ec0000 - 0x00007ffb11051000 	C:\WINDOWS\System32\USER32.dll
0x00007ffb0ffd0000 - 0x00007ffb0fff0000 	C:\WINDOWS\System32\win32u.dll
0x00007ffb12a60000 - 0x00007ffb12a88000 	C:\WINDOWS\System32\GDI32.dll
0x00007ffb0fff0000 - 0x00007ffb10181000 	C:\WINDOWS\System32\gdi32full.dll
0x00007ffb10950000 - 0x00007ffb109ef000 	C:\WINDOWS\System32\msvcp_win.dll
0x00007ffb0fe50000 - 0x00007ffb0ff48000 	C:\WINDOWS\System32\ucrtbase.dll
0x00007ffb04500000 - 0x00007ffb04769000 	C:\WINDOWS\WinSxS\amd64_microsoft.windows.common-controls_6595b64144ccf1df_6.0.17134.1098_none_d4048e017c8c2390\COMCTL32.dll
0x00007ffb125d0000 - 0x00007ffb128f1000 	C:\WINDOWS\System32\combase.dll
0x00007ffb0ff50000 - 0x00007ffb0ffc9000 	C:\WINDOWS\System32\bcryptPrimitives.dll
0x00007ffb10e90000 - 0x00007ffb10ebd000 	C:\WINDOWS\System32\IMM32.DLL
0x0000000071b00000 - 0x0000000071bd2000 	E:\Java\jdk1.8.0_181\jre\bin\msvcr100.dll
0x0000000070b50000 - 0x00000000713f2000 	E:\Java\jdk1.8.0_181\jre\bin\server\jvm.dll
0x00007ffb13540000 - 0x00007ffb13548000 	C:\WINDOWS\System32\PSAPI.DLL
0x00007ffb0d970000 - 0x00007ffb0d993000 	C:\WINDOWS\SYSTEM32\WINMM.dll
0x00007ffb0a540000 - 0x00007ffb0a54a000 	C:\WINDOWS\SYSTEM32\VERSION.dll
0x00007ffaf2da0000 - 0x00007ffaf2da9000 	C:\WINDOWS\SYSTEM32\WSOCK32.dll
0x00007ffb11060000 - 0x00007ffb110cc000 	C:\WINDOWS\System32\WS2_32.dll
0x00007ffb0d940000 - 0x00007ffb0d96a000 	C:\WINDOWS\SYSTEM32\WINMMBASE.dll
0x00007ffb108a0000 - 0x00007ffb108e9000 	C:\WINDOWS\System32\cfgmgr32.dll
0x0000000071af0000 - 0x0000000071aff000 	E:\Java\jdk1.8.0_181\jre\bin\verify.dll
0x0000000071ac0000 - 0x0000000071ae9000 	E:\Java\jdk1.8.0_181\jre\bin\java.dll
0x0000000071950000 - 0x0000000071973000 	E:\Java\jdk1.8.0_181\jre\bin\instrument.dll
0x0000000071aa0000 - 0x0000000071ab6000 	E:\Java\jdk1.8.0_181\jre\bin\zip.dll
0x00007ffb11180000 - 0x00007ffb125c5000 	C:\WINDOWS\System32\SHELL32.dll
0x00007ffb12c90000 - 0x00007ffb12d39000 	C:\WINDOWS\System32\shcore.dll
0x00007ffb10190000 - 0x00007ffb108a0000 	C:\WINDOWS\System32\windows.storage.dll
0x00007ffb10ce0000 - 0x00007ffb10d31000 	C:\WINDOWS\System32\shlwapi.dll
0x00007ffb0f8c0000 - 0x00007ffb0f8d1000 	C:\WINDOWS\System32\kernel.appcore.dll
0x00007ffb0f8a0000 - 0x00007ffb0f8bf000 	C:\WINDOWS\System32\profapi.dll
0x00007ffb0f8e0000 - 0x00007ffb0f92c000 	C:\WINDOWS\System32\powrprof.dll
0x00007ffb0f890000 - 0x00007ffb0f89a000 	C:\WINDOWS\System32\FLTLIB.DLL
0x00007ffb09890000 - 0x00007ffb098aa000 	D:\IntelliJ IDEA 2019.2.1\bin\breakgen64.dll
0x0000000071a80000 - 0x0000000071a9a000 	E:\Java\jdk1.8.0_181\jre\bin\net.dll
0x00007ffb0f090000 - 0x00007ffb0f0f6000 	C:\WINDOWS\system32\mswsock.dll
0x00007ffb0e3e0000 - 0x00007ffb0e3ea000 	C:\WINDOWS\system32\wshqos.dll
0x00007ffb0e3d0000 - 0x00007ffb0e3d8000 	C:\WINDOWS\SYSTEM32\wshtcpip.DLL
0x00007ffb0e3c0000 - 0x00007ffb0e3c8000 	C:\WINDOWS\SYSTEM32\wship6.dll
0x00007ffb0ee20000 - 0x00007ffb0eede000 	C:\WINDOWS\SYSTEM32\DNSAPI.dll
0x00007ffb13190000 - 0x00007ffb13198000 	C:\WINDOWS\System32\NSI.dll
0x00007ffb0ede0000 - 0x00007ffb0ee18000 	C:\WINDOWS\SYSTEM32\IPHLPAPI.DLL
0x00007ffb09f20000 - 0x00007ffb09f2a000 	C:\Windows\System32\rasadhlp.dll
0x00007ffb08c20000 - 0x00007ffb08c92000 	C:\WINDOWS\System32\fwpuclnt.dll
0x00007ffb0f3d0000 - 0x00007ffb0f3f5000 	C:\WINDOWS\SYSTEM32\bcrypt.dll
0x0000000071980000 - 0x000000007198d000 	E:\Java\jdk1.8.0_181\jre\bin\management.dll
0x0000000071a60000 - 0x0000000071a71000 	E:\Java\jdk1.8.0_181\jre\bin\nio.dll
0x00007ffb0f240000 - 0x00007ffb0f257000 	C:\WINDOWS\SYSTEM32\CRYPTSP.dll
0x00007ffb0ec40000 - 0x00007ffb0ec73000 	C:\WINDOWS\system32\rsaenh.dll
0x00007ffb0f770000 - 0x00007ffb0f798000 	C:\WINDOWS\SYSTEM32\USERENV.dll
0x00007ffb0f260000 - 0x00007ffb0f26b000 	C:\WINDOWS\SYSTEM32\CRYPTBASE.dll
0x00007ffb0a410000 - 0x00007ffb0a426000 	C:\WINDOWS\SYSTEM32\dhcpcsvc6.DLL
0x00007ffb0a470000 - 0x00007ffb0a48a000 	C:\WINDOWS\SYSTEM32\dhcpcsvc.DLL
0x00007ffafe480000 - 0x00007ffafe496000 	C:\WINDOWS\system32\napinsp.dll
0x00007ffafacc0000 - 0x00007ffafacda000 	C:\WINDOWS\system32\pnrpnsp.dll
0x00007ffb0c330000 - 0x00007ffb0c349000 	C:\WINDOWS\system32\NLAapi.dll
0x00007ffafacb0000 - 0x00007ffafacbe000 	C:\WINDOWS\System32\winrnr.dll
0x00007ffafa7d0000 - 0x00007ffafa7e5000 	C:\WINDOWS\System32\wshbth.dll

VM Arguments:
jvm_args: -XX:TieredStopAtLevel=1 -Xverify:none -Dspring.output.ansi.enabled=always -Dcom.sun.management.jmxremote -Dspring.jmx.enabled=true -Dspring.liveBeansView.mbeanDomain -Dspring.application.admin.enabled=true -javaagent:D:\IntelliJ IDEA 2019.2.1\lib\idea_rt.jar=51780:D:\IntelliJ IDEA 2019.2.1\bin -Dfile.encoding=UTF-8 
java_command: com.recruiting.gathering.GatheringApplication
java_class_path (initial): E:\Java\jdk1.8.0_181\jre\lib\charsets.jar;E:\Java\jdk1.8.0_181\jre\lib\deploy.jar;E:\Java\jdk1.8.0_181\jre\lib\ext\access-bridge-64.jar;E:\Java\jdk1.8.0_181\jre\lib\ext\cldrdata.jar;E:\Java\jdk1.8.0_181\jre\lib\ext\dnsns.jar;E:\Java\jdk1.8.0_181\jre\lib\ext\jaccess.jar;E:\Java\jdk1.8.0_181\jre\lib\ext\jfxrt.jar;E:\Java\jdk1.8.0_181\jre\lib\ext\localedata.jar;E:\Java\jdk1.8.0_181\jre\lib\ext\nashorn.jar;E:\Java\jdk1.8.0_181\jre\lib\ext\sunec.jar;E:\Java\jdk1.8.0_181\jre\lib\ext\sunjce_provider.jar;E:\Java\jdk1.8.0_181\jre\lib\ext\sunmscapi.jar;E:\Java\jdk1.8.0_181\jre\lib\ext\sunpkcs11.jar;E:\Java\jdk1.8.0_181\jre\lib\ext\zipfs.jar;E:\Java\jdk1.8.0_181\jre\lib\javaws.jar;E:\Java\jdk1.8.0_181\jre\lib\jce.jar;E:\Java\jdk1.8.0_181\jre\lib\jfr.jar;E:\Java\jdk1.8.0_181\jre\lib\jfxswt.jar;E:\Java\jdk1.8.0_181\jre\lib\jsse.jar;E:\Java\jdk1.8.0_181\jre\lib\management-agent.jar;E:\Java\jdk1.8.0_181\jre\lib\plugin.jar;E:\Java\jdk1.8.0_181\jre\lib\resources.jar;E:\Java\jdk1.8.0_181\jre\lib\rt.jar;E:\WorkSpace\Recruiting\recruiting_gathering\target\classes;D:\apache-maven-3.6.1\Repository\org\springframework\boot\spring-boot-starter-data-jpa\2.0.1.RELEASE\spring-boot-starter-data-jpa-2.0.1.RELEASE.jar;D:\apache-maven-3.6.1\Repository\org\springframework\boot\spring-boot-starter\2.0.1.RELEASE\spring-boot-starter-2.0.1.RELEASE.jar;D:\apache-maven-3.6.1\Repository\org\springframework\boot\spring-boot\2.0.1.RELEASE\spring-boot-2.0.1.RELEASE.jar;D:\apache-maven-3.6.1\Repository\org\springframework\boot\spring-boot-autoconfigure\2.0.1.RELEASE\spring-boot-autoconfigure-2.0.1.RELEASE.jar;D:\apache-maven-3.6.1\Repository\org\springframework\boot\spring-boot-starter-logging\2.0.1.RELEASE\spring-boot-starter-logging-2.0.1.RELEASE.jar;D:\apache-maven-3.6.1\Repository\ch\qos\logback\logback-classic\1.2.3\logback-classic-1.2.3.jar;D:\apache-maven-3.6.1\Repository\ch\qos\logback\logback-core\1.2.3\logback-core-1.2.3.jar;D:\apache-maven-3.6.1\Repository\org\apache\l
Launcher Type: SUN_STANDARD

Environment Variables:
JAVA_HOME=E:\Java\jdk1.8.0_181
CLASSPATH=.;E:\Java\jdk1.8.0_181\jdk1.8.0_181\lib
PATH=C:\Program Files (x86)\Common Files\Oracle\Java\javapath;E:\app\10949\product\11.2.0\dbhome_1\bin;C:\WINDOWS\system32;C:\WINDOWS;C:\WINDOWS\System32\Wbem;C:\WINDOWS\System32\WindowsPowerShell\v1.0\;C:\Program Files (x86)\NVIDIA Corporation\PhysX\Common;C:\Program Files (x86)\Microsoft SQL Server\100\Tools\Binn\;C:\Program Files\Microsoft SQL Server\100\Tools\Binn\;C:\Program Files\Microsoft SQL Server\100\DTS\Binn\;C:\Program Files (x86)\Microsoft SQL Server\100\Tools\Binn\VSShell\Common7\IDE\;C:\Program Files (x86)\Microsoft Visual Studio 9.0\Common7\IDE\PrivateAssemblies\;C:\Program Files (x86)\Microsoft SQL Server\100\DTS\Binn\;C:\WINDOWS\system32;C:\WINDOWS;C:\WINDOWS\System32\Wbem;C:\WINDOWS\System32\WindowsPowerShell\v1.0\;C:\WINDOWS\System32\OpenSSH\;E:\Java\jdk1.8.0_181\bin;D:\nodejs\;C:\Program Files\NVIDIA Corporation\NVIDIA NvDLISR;D:\apache-maven-3.6.1\bin;D:\Git\bin;D:\Mongodb-4.2.0\bin;C:\Users\10949\AppData\Local\Programs\Python\Python37\Scripts\;C:\Users\10949\AppData\Local\Programs\Python\Python37\;C:\Users\10949\AppData\Local\Microsoft\WindowsApps;;C:\Users\10949\AppData\Roaming\npm;D:\JetBrains\PyCharm 2019.1\bin;;D:\WebStorm 2018.3.2\bin;;D:\Microsoft VS Code\bin
USERNAME=10949
OS=Windows_NT
PROCESSOR_IDENTIFIER=Intel64 Family 6 Model 60 Stepping 3, GenuineIntel



---------------  S Y S T E M  ---------------

OS: Windows 10.0 , 64 bit Build 17134 (10.0.17134.753)

CPU:total 8 (initial active 8) (4 cores per cpu, 2 threads per core) family 6 model 60 stepping 3, cmov, cx8, fxsr, mmx, sse, sse2, sse3, ssse3, sse4.1, sse4.2, popcnt, avx, avx2, aes, clmul, erms, lzcnt, ht, tsc, tscinvbit, bmi1, bmi2

Memory: 4k page, physical 8274980k(1944956k free), swap 16954252k(604k free)

vm_info: Java HotSpot(TM) 64-Bit Server VM (25.181-b13) for windows-amd64 JRE (1.8.0_181-b13), built on Jul  7 2018 04:01:33 by "java_re" with MS VC++ 10.0 (VS2010)

time: Tue Oct 29 07:42:22 2019
elapsed time: 10 seconds (0d 0h 0m 10s)

